<?xml version="1.0" encoding="UTF-8"?>
<testng-results skipped="0" failed="0" ignored="0" total="1" passed="1">
  <reporter-output>
  </reporter-output>
  <suite name="Suite" duration-ms="22766" started-at="2021-01-22T07:50:05Z" finished-at="2021-01-22T07:50:28Z">
    <groups>
    </groups>
    <test name="Test" duration-ms="22766" started-at="2021-01-22T07:50:05Z" finished-at="2021-01-22T07:50:28Z">
      <class name="testcase.LoginToApplication">
        <test-method status="PASS" signature="setUp()[pri:0, instance:testcase.LoginToApplication@14acaea5]" name="setUp" is-config="true" duration-ms="13771" started-at="2021-01-22T13:20:05Z" finished-at="2021-01-22T13:20:19Z">
          <reporter-output>
          </reporter-output>
        </test-method> <!-- setUp -->
        <test-method status="PASS" signature="loginTest()[pri:0, instance:testcase.LoginToApplication@14acaea5]" name="loginTest" duration-ms="7165" started-at="2021-01-22T13:20:19Z" finished-at="2021-01-22T13:20:26Z">
          <reporter-output>
          </reporter-output>
        </test-method> <!-- loginTest -->
        <test-method status="PASS" signature="tearDown()[pri:0, instance:testcase.LoginToApplication@14acaea5]" name="tearDown" is-config="true" duration-ms="1732" started-at="2021-01-22T13:20:26Z" finished-at="2021-01-22T13:20:28Z">
          <reporter-output>
          </reporter-output>
        </test-method> <!-- tearDown -->
      </class> <!-- testcase.LoginToApplication -->
    </test> <!-- Test -->
  </suite> <!-- Suite -->
</testng-results>
